# JRE version: OpenJDK Runtime Environment (8.0_242-b01) (build 1.8.0_242-release-1644-b01)
# Java VM: OpenJDK 64-Bit Server VM (25.242-b01 mixed mode windows-amd64 compressed oops)
Heap:
 PSYoungGen      total 604672K, used 471736K [0x00000000d5580000, 0x0000000100000000, 0x0000000100000000)
  eden space 524800K, 84% used [0x00000000d5580000,0x00000000f06ff090,0x00000000f5600000)
  from space 79872K, 34% used [0x00000000f5600000,0x00000000f712f1d0,0x00000000fa400000)
  to   space 75264K, 0% used [0x00000000fb680000,0x00000000fb680000,0x0000000100000000)
 ParOldGen       total 556032K, used 484641K [0x0000000080000000, 0x00000000a1f00000, 0x00000000d5580000)
  object space 556032K, 87% used [0x0000000080000000,0x000000009d948598,0x00000000a1f00000)
 Metaspace       used 332018K, capacity 354653K, committed 354840K, reserved 1357824K
  class space    used 41961K, capacity 46061K, committed 46128K, reserved 1048576K
GC Heap History (10 events):
Event: 20414.071 GC heap before
{Heap before GC invocations=94 (full 7):
 PSYoungGen      total 576512K, used 576487K [0x00000000d5580000, 0x0000000100000000, 0x0000000100000000)
  eden space 498176K, 100% used [0x00000000d5580000,0x00000000f3c00000,0x00000000f3c00000)
  from space 78336K, 99% used [0x00000000fb380000,0x00000000ffff9c20,0x0000000100000000)
  to   space 100352K, 0% used [0x00000000f3c00000,0x00000000f3c00000,0x00000000f9e00000)
 ParOldGen       total 556032K, used 472983K [0x0000000080000000, 0x00000000a1f00000, 0x00000000d5580000)
  object space 556032K, 85% used [0x0000000080000000,0x000000009cde5ef8,0x00000000a1f00000)
 Metaspace       used 283211K, capacity 300643K, committed 300952K, reserved 1312768K
  class space    used 35408K, capacity 38514K, committed 38576K, reserved 1048576K
Event: 20414.087 GC heap after
Heap after GC invocations=94 (full 7):
 PSYoungGen      total 598528K, used 20950K [0x00000000d5580000, 0x0000000100000000, 0x0000000100000000)
  eden space 498176K, 0% used [0x00000000d5580000,0x00000000d5580000,0x00000000f3c00000)
  from space 100352K, 20% used [0x00000000f3c00000,0x00000000f5075960,0x00000000f9e00000)
  to   space 95744K, 0% used [0x00000000fa280000,0x00000000fa280000,0x0000000100000000)
 ParOldGen       total 556032K, used 478767K [0x0000000080000000, 0x00000000a1f00000, 0x00000000d5580000)
  object space 556032K, 86% used [0x0000000080000000,0x000000009d38bd70,0x00000000a1f00000)
 Metaspace       used 283211K, capacity 300643K, committed 300952K, reserved 1312768K
  class space    used 35408K, capacity 38514K, committed 38576K, reserved 1048576K
}
Event: 20531.123 GC heap before
{Heap before GC invocations=95 (full 7):
 PSYoungGen      total 598528K, used 519126K [0x00000000d5580000, 0x0000000100000000, 0x0000000100000000)
  eden space 498176K, 100% used [0x00000000d5580000,0x00000000f3c00000,0x00000000f3c00000)
  from space 100352K, 20% used [0x00000000f3c00000,0x00000000f5075960,0x00000000f9e00000)
  to   space 95744K, 0% used [0x00000000fa280000,0x00000000fa280000,0x0000000100000000)
 ParOldGen       total 556032K, used 478767K [0x0000000080000000, 0x00000000a1f00000, 0x00000000d5580000)
  object space 556032K, 86% used [0x0000000080000000,0x000000009d38bd70,0x00000000a1f00000)
 Metaspace       used 293483K, capacity 311823K, committed 311960K, reserved 1320960K
  class space    used 36759K, capacity 40040K, committed 40112K, reserved 1048576K
Event: 20531.142 GC heap after
Heap after GC invocations=95 (full 7):
 PSYoungGen      total 580608K, used 30242K [0x00000000d5580000, 0x00000000fee80000, 0x0000000100000000)
  eden space 502784K, 0% used [0x00000000d5580000,0x00000000d5580000,0x00000000f4080000)
  from space 77824K, 38% used [0x00000000fa280000,0x00000000fc0089e8,0x00000000fee80000)
  to   space 89088K, 0% used [0x00000000f4080000,0x00000000f4080000,0x00000000f9780000)
 ParOldGen       total 556032K, used 480692K [0x0000000080000000, 0x00000000a1f00000, 0x00000000d5580000)
  object space 556032K, 86% used [0x0000000080000000,0x000000009d56d308,0x00000000a1f00000)
 Metaspace       used 293483K, capacity 311823K, committed 311960K, reserved 1320960K
  class space    used 36759K, capacity 40040K, committed 40112K, reserved 1048576K
}
Event: 20655.123 GC heap before
{Heap before GC invocations=96 (full 7):
 PSYoungGen      total 580608K, used 533026K [0x00000000d5580000, 0x00000000fee80000, 0x0000000100000000)
  eden space 502784K, 100% used [0x00000000d5580000,0x00000000f4080000,0x00000000f4080000)
  from space 77824K, 38% used [0x00000000fa280000,0x00000000fc0089e8,0x00000000fee80000)
  to   space 89088K, 0% used [0x00000000f4080000,0x00000000f4080000,0x00000000f9780000)
 ParOldGen       total 556032K, used 480692K [0x0000000080000000, 0x00000000a1f00000, 0x00000000d5580000)
  object space 556032K, 86% used [0x0000000080000000,0x000000009d56d308,0x00000000a1f00000)
 Metaspace       used 309311K, capacity 329383K, committed 329496K, reserved 1337344K
  class space    used 38892K, capacity 42494K, committed 42544K, reserved 1048576K
Event: 20655.136 GC heap after
Heap after GC invocations=96 (full 7):
 PSYoungGen      total 591872K, used 22882K [0x00000000d5580000, 0x0000000100000000, 0x0000000100000000)
  eden space 502784K, 0% used [0x00000000d5580000,0x00000000d5580000,0x00000000f4080000)
  from space 89088K, 25% used [0x00000000f4080000,0x00000000f56d8910,0x00000000f9780000)
  to   space 84992K, 0% used [0x00000000fad00000,0x00000000fad00000,0x0000000100000000)
 ParOldGen       total 556032K, used 482381K [0x0000000080000000, 0x00000000a1f00000, 0x00000000d5580000)
  object space 556032K, 86% used [0x0000000080000000,0x000000009d713538,0x00000000a1f00000)
 Metaspace       used 309311K, capacity 329383K, committed 329496K, reserved 1337344K
  class space    used 38892K, capacity 42494K, committed 42544K, reserved 1048576K
}
Event: 20709.453 GC heap before
{Heap before GC invocations=97 (full 7):
 PSYoungGen      total 591872K, used 525666K [0x00000000d5580000, 0x0000000100000000, 0x0000000100000000)
  eden space 502784K, 100% used [0x00000000d5580000,0x00000000f4080000,0x00000000f4080000)
  from space 89088K, 25% used [0x00000000f4080000,0x00000000f56d8910,0x00000000f9780000)
  to   space 84992K, 0% used [0x00000000fad00000,0x00000000fad00000,0x0000000100000000)
 ParOldGen       total 556032K, used 482381K [0x0000000080000000, 0x00000000a1f00000, 0x00000000d5580000)
  object space 556032K, 86% used [0x0000000080000000,0x000000009d713538,0x00000000a1f00000)
 Metaspace       used 318617K, capacity 339955K, committed 340248K, reserved 1345536K
  class space    used 40176K, capacity 44004K, committed 44080K, reserved 1048576K
Event: 20709.469 GC heap after
Heap after GC invocations=97 (full 7):
 PSYoungGen      total 595456K, used 26466K [0x00000000d5580000, 0x00000000ff200000, 0x0000000100000000)
  eden space 524800K, 0% used [0x00000000d5580000,0x00000000d5580000,0x00000000f5600000)
  from space 70656K, 37% used [0x00000000fad00000,0x00000000fc6d8948,0x00000000ff200000)
  to   space 79872K, 0% used [0x00000000f5600000,0x00000000f5600000,0x00000000fa400000)
 ParOldGen       total 556032K, used 484633K [0x0000000080000000, 0x00000000a1f00000, 0x00000000d5580000)
  object space 556032K, 87% used [0x0000000080000000,0x000000009d946598,0x00000000a1f00000)
 Metaspace       used 318617K, capacity 339955K, committed 340248K, reserved 1345536K
  class space    used 40176K, capacity 44004K, committed 44080K, reserved 1048576K
}
Event: 20726.242 GC heap before
{Heap before GC invocations=98 (full 7):
 PSYoungGen      total 595456K, used 551266K [0x00000000d5580000, 0x00000000ff200000, 0x0000000100000000)
  eden space 524800K, 100% used [0x00000000d5580000,0x00000000f5600000,0x00000000f5600000)
  from space 70656K, 37% used [0x00000000fad00000,0x00000000fc6d8948,0x00000000ff200000)
  to   space 79872K, 0% used [0x00000000f5600000,0x00000000f5600000,0x00000000fa400000)
 ParOldGen       total 556032K, used 484633K [0x0000000080000000, 0x00000000a1f00000, 0x00000000d5580000)
  object space 556032K, 87% used [0x0000000080000000,0x000000009d946598,0x00000000a1f00000)
 Metaspace       used 328963K, capacity 351545K, committed 351896K, reserved 1355776K
  class space    used 41558K, capacity 45643K, committed 45744K, reserved 1048576K
Event: 20726.255 GC heap after
Heap after GC invocations=98 (full 7):
 PSYoungGen      total 604672K, used 27836K [0x00000000d5580000, 0x0000000100000000, 0x0000000100000000)
  eden space 524800K, 0% used [0x00000000d5580000,0x00000000d5580000,0x00000000f5600000)
  from space 79872K, 34% used [0x00000000f5600000,0x00000000f712f1d0,0x00000000fa400000)
  to   space 75264K, 0% used [0x00000000fb680000,0x00000000fb680000,0x0000000100000000)
 ParOldGen       total 556032K, used 484641K [0x0000000080000000, 0x00000000a1f00000, 0x00000000d5580000)
  object space 556032K, 87% used [0x0000000080000000,0x000000009d948598,0x00000000a1f00000)
 Metaspace       used 328963K, capacity 351545K, committed 351896K, reserved 1355776K
  class space    used 41558K, capacity 45643K, committed 45744K, reserved 1048576K
}

